[debug] [2018-12-09T07:44:27.791Z] ----------------------------------------------------------------------
[debug] [2018-12-09T07:44:27.793Z] Command:       /usr/local/google/home/maxbittker/Downloads/node-v10.12.0-linux-x64/bin/node /usr/local/google/home/maxbittker/Downloads/node-v10.12.0-linux-x64/bin/firebase serve
[debug] [2018-12-09T07:44:27.793Z] CLI Version:   6.1.2
[debug] [2018-12-09T07:44:27.793Z] Platform:      linux
[debug] [2018-12-09T07:44:27.794Z] Node Version:  v10.12.0
[debug] [2018-12-09T07:44:27.794Z] Time:          Sat Dec 08 2018 23:44:27 GMT-0800 (Pacific Standard Time)
[debug] [2018-12-09T07:44:27.794Z] ----------------------------------------------------------------------
[debug] 
[debug] [2018-12-09T07:44:27.802Z] > command requires scopes: ["email","openid","https://www.googleapis.com/auth/cloudplatformprojects.readonly","https://www.googleapis.com/auth/firebase","https://www.googleapis.com/auth/cloud-platform"]
[debug] [2018-12-09T07:44:27.802Z] > authorizing via signed-in user
[debug] [2018-12-09T07:44:27.802Z] [iam] checking project sandtable-8d0f7 for permissions ["firebase.projects.get"]
[debug] [2018-12-09T07:44:27.804Z] >>> HTTP REQUEST POST https://cloudresourcemanager.googleapis.com/v1/projects/sandtable-8d0f7:testIamPermissions  

[debug] [2018-12-09T07:44:28.087Z] <<< HTTP RESPONSE 200
[debug] [2018-12-09T07:44:28.089Z] >>> HTTP REQUEST GET https://cloudresourcemanager.googleapis.com/v1/projects/sandtable-8d0f7  
 
[debug] [2018-12-09T07:44:28.414Z] <<< HTTP RESPONSE 200
[info] 
[info] === Serving from '/usr/local/google/home/maxbittker/repos/sandtable'...
[info] 
[info] i  functions: Preparing to emulate functions.
[debug] [2018-12-09T07:44:28.747Z] Fetching environment
[debug] [2018-12-09T07:44:28.751Z] >>> HTTP REQUEST GET https://mobilesdk-pa.googleapis.com/v1/projects/239719651525:getServerAppConfig  
 
[debug] [2018-12-09T07:44:28.752Z] >>> HTTP REQUEST GET https://mobilesdk-pa.googleapis.com/v1/projects/239719651525/clients/_:getWebAppConfig  
 
[debug] [2018-12-09T07:44:28.924Z] <<< HTTP RESPONSE 200
[debug] [2018-12-09T07:44:28.925Z] Starting @google-cloud/functions-emulator
[debug] [2018-12-09T07:44:28.994Z] <<< HTTP RESPONSE 200
[info] i  hosting: Serving hosting files from: dist
[info] ✔  hosting: Local server: http://localhost:5000
